<?xml version="1.0" encoding="utf-8"?>
<testsuites time="12.982" tests="51" failures="13">
  <testsuite id="0" name="Source.TestSubmission.dll" tests="51" failures="13" time="12.982">
    <testcase classname="Codenation.Challenge.AccelerationServiceTest" name="Codenation.Challenge.AccelerationServiceTest.Should_Be_Right_Acceleration_When_Find_By_Id(id: 1)" time="2.6870000" />
    <testcase classname="Codenation.Challenge.AccelerationServiceTest" name="Codenation.Challenge.AccelerationServiceTest.Should_Be_Right_Acceleration_When_Find_By_Id(id: 2)" time="0.0130000" />
    <testcase classname="Codenation.Challenge.AccelerationServiceTest" name="Codenation.Challenge.AccelerationServiceTest.Should_Be_Right_Acceleration_When_Find_By_Id(id: 3)" time="0.0020000" />
    <testcase classname="Codenation.Challenge.AccelerationServiceTest" name="Codenation.Challenge.AccelerationServiceTest.Should_Update_The_Acceleration_When_Save" time="0.0110000" />
    <testcase classname="Codenation.Challenge.AccelerationServiceTest" name="Codenation.Challenge.AccelerationServiceTest.Should_Be_Right_Accelerations_When_Find_By_Company_Id(companyId: 1)" time="0.1110000" />
    <testcase classname="Codenation.Challenge.AccelerationServiceTest" name="Codenation.Challenge.AccelerationServiceTest.Should_Be_Right_Accelerations_When_Find_By_Company_Id(companyId: 2)" time="0.3040000" />
    <testcase classname="Codenation.Challenge.AccelerationServiceTest" name="Codenation.Challenge.AccelerationServiceTest.Should_Add_New_Acceleration_When_Save" time="0.0030000" />
    <testcase classname="Codenation.Challenge.CandidateServiceTest" name="Codenation.Challenge.CandidateServiceTest.Should_Be_Right_Candidates_When_Find_By_Company_Id(companyId: 2)" time="2.7140000" />
    <testcase classname="Codenation.Challenge.CandidateServiceTest" name="Codenation.Challenge.CandidateServiceTest.Should_Be_Right_Candidates_When_Find_By_Company_Id(companyId: 3)" time="0.0140000" />
    <testcase classname="Codenation.Challenge.CandidateServiceTest" name="Codenation.Challenge.CandidateServiceTest.Should_Be_Right_Candidates_When_Find_By_Company_Id(companyId: 1)" time="0.0240000" />
    <testcase classname="Codenation.Challenge.CandidateServiceTest" name="Codenation.Challenge.CandidateServiceTest.Should_Be_Right_Candidates_When_Find_By_Accelaration_Id(accelerationId: 2)" time="0.3930000" />
    <testcase classname="Codenation.Challenge.CandidateServiceTest" name="Codenation.Challenge.CandidateServiceTest.Should_Be_Right_Candidates_When_Find_By_Accelaration_Id(accelerationId: 3)" time="0.0070000" />
    <testcase classname="Codenation.Challenge.CandidateServiceTest" name="Codenation.Challenge.CandidateServiceTest.Should_Be_Right_Candidates_When_Find_By_Accelaration_Id(accelerationId: 1)" time="0.0160000" />
    <testcase classname="Codenation.Challenge.CandidateServiceTest" name="Codenation.Challenge.CandidateServiceTest.Should_Be_Right_Candidate_When_Find_By_Id(userId: 2, accelerationId: 2, companyId: 2)" time="0.0130000" />
    <testcase classname="Codenation.Challenge.CandidateServiceTest" name="Codenation.Challenge.CandidateServiceTest.Should_Be_Right_Candidate_When_Find_By_Id(userId: 3, accelerationId: 3, companyId: 3)" time="0.0820000" />
    <testcase classname="Codenation.Challenge.CandidateServiceTest" name="Codenation.Challenge.CandidateServiceTest.Should_Be_Right_Candidate_When_Find_By_Id(userId: 1, accelerationId: 1, companyId: 1)" time="0.0020000" />
    <testcase classname="Codenation.Challenge.CandidateServiceTest" name="Codenation.Challenge.CandidateServiceTest.Should_Update_The_Candidate_When_Save" time="0.0060000" />
    <testcase classname="Codenation.Challenge.CandidateServiceTest" name="Codenation.Challenge.CandidateServiceTest.Should_Add_New_Candidate_When_Save" time="0.0020000">
      <error message="Microsoft.EntityFrameworkCore.DbUpdateConcurrencyException : Attempted to update or delete an entity that does not exist in the store.">   at Microsoft.EntityFrameworkCore.InMemory.Storage.Internal.InMemoryTable`1.Update(IUpdateEntry entry)
   at Microsoft.EntityFrameworkCore.InMemory.Storage.Internal.InMemoryStore.ExecuteTransaction(IReadOnlyList`1 entries, IDiagnosticsLogger`1 updateLogger)
   at Microsoft.EntityFrameworkCore.ChangeTracking.Internal.StateManager.SaveChanges(IReadOnlyList`1 entriesToSave)
   at Microsoft.EntityFrameworkCore.ChangeTracking.Internal.StateManager.SaveChanges(Boolean acceptAllChangesOnSuccess)
   at Microsoft.EntityFrameworkCore.DbContext.SaveChanges(Boolean acceptAllChangesOnSuccess)
   at Codenation.Challenge.Services.CandidateService.Save(Candidate candidate) in C:\Users\heron\codenation\csharp-8\Source\Services\CandidateService.cs:line 43
   at Codenation.Challenge.CandidateServiceTest.Should_Add_New_Candidate_When_Save() in C:\Users\heron\codenation\csharp-8\Source.TestSubmission\CandidateServiceTest.cs:line 102</error>
    </testcase>
    <testcase classname="Codenation.Challenge.ChallengeServiceTest" name="Codenation.Challenge.ChallengeServiceTest.Should_Add_New_Challenge_When_Save" time="1.9320000" />
    <testcase classname="Codenation.Challenge.ChallengeServiceTest" name="Codenation.Challenge.ChallengeServiceTest.Should_Be_Right_Challenges_When_Find_By_Accelartion_And_User(accelerationId: 1, userId: 1)" time="0.8380000">
      <error message="Assert.Equal() Failure&#xD;&#xA;Expected: List&lt;Challenge&gt; [Challenge { Accelerations = null, CreatedAt = 2019-04-30T02:41:10.0000000, Id = 2, Name = &quot;Halvorson LLC&quot;, Slug = &quot;pmattack1-hsantus1&quot;, ... }]&#xD;&#xA;Actual:   List&lt;Challenge&gt; [Challenge { Accelerations = null, CreatedAt = 2019-06-13T23:22:48.0000000, Id = 1, Name = &quot;Keeling-Ward&quot;, Slug = &quot;dgirardoni0-jscola0&quot;, ... }, Challenge { Accelerations = [...], CreatedAt = 2019-04-30T02:41:10.0000000, Id = 2, Name = &quot;Halvorson LLC&quot;, Slug = &quot;pmattack1-hsantus1&quot;, ... }, Challenge { Accelerations = null, CreatedAt = 2019-02-11T09:02:39.0000000, Id = 4, Name = &quot;Sanford, Anderson and Bernhard&quot;, Slug = &quot;dwaby3-cvarlow3&quot;, ... }, Challenge { Accelerations = [...], CreatedAt = 2019-04-30T02:41:10.0000000, Id = 2, Name = &quot;Halvorson LLC&quot;, Slug = &quot;pmattack1-hsantus1&quot;, ... }]">   at Codenation.Challenge.ChallengeServiceTest.Should_Be_Right_Challenges_When_Find_By_Accelartion_And_User(Int32 accelerationId, Int32 userId) in C:\Users\heron\codenation\csharp-8\Source.TestSubmission\ChallengeServiceTest.cs:line 44</error>
    </testcase>
    <testcase classname="Codenation.Challenge.ChallengeServiceTest" name="Codenation.Challenge.ChallengeServiceTest.Should_Be_Right_Challenges_When_Find_By_Accelartion_And_User(accelerationId: 3, userId: 3)" time="0.0610000">
      <error message="Assert.Equal() Failure&#xD;&#xA;Expected: List&lt;Challenge&gt; [Challenge { Accelerations = null, CreatedAt = 2019-01-09T12:28:27.0000000, Id = 5, Name = &quot;Sipes and Sons&quot;, Slug = &quot;bdubarry4-medgeller4&quot;, ... }]&#xD;&#xA;Actual:   List&lt;Challenge&gt; [Challenge { Accelerations = null, CreatedAt = 2018-12-28T10:20:48.0000000, Id = 3, Name = &quot;Schuster, Hoeger and Abshire&quot;, Slug = &quot;vlorenzin2-bvitall2&quot;, ... }, Challenge { Accelerations = null, CreatedAt = 2019-02-11T09:02:39.0000000, Id = 4, Name = &quot;Sanford, Anderson and Bernhard&quot;, Slug = &quot;dwaby3-cvarlow3&quot;, ... }, Challenge { Accelerations = null, CreatedAt = 2019-06-22T22:02:15.0000000, Id = 6, Name = &quot;Mohr, Schoen and Bogisich&quot;, Slug = &quot;mgreve5-troadknight5&quot;, ... }, null]">   at Codenation.Challenge.ChallengeServiceTest.Should_Be_Right_Challenges_When_Find_By_Accelartion_And_User(Int32 accelerationId, Int32 userId) in C:\Users\heron\codenation\csharp-8\Source.TestSubmission\ChallengeServiceTest.cs:line 44</error>
    </testcase>
    <testcase classname="Codenation.Challenge.ChallengeServiceTest" name="Codenation.Challenge.ChallengeServiceTest.Should_Be_Right_Challenges_When_Find_By_Accelartion_And_User(accelerationId: 2, userId: 2)" time="0.0110000">
      <error message="Assert.Equal() Failure&#xD;&#xA;Expected: List&lt;Challenge&gt; [Challenge { Accelerations = null, CreatedAt = 2018-12-28T10:20:48.0000000, Id = 3, Name = &quot;Schuster, Hoeger and Abshire&quot;, Slug = &quot;vlorenzin2-bvitall2&quot;, ... }]&#xD;&#xA;Actual:   List&lt;Challenge&gt; [Challenge { Accelerations = null, CreatedAt = 2019-04-30T02:41:10.0000000, Id = 2, Name = &quot;Halvorson LLC&quot;, Slug = &quot;pmattack1-hsantus1&quot;, ... }, Challenge { Accelerations = [...], CreatedAt = 2018-12-28T10:20:48.0000000, Id = 3, Name = &quot;Schuster, Hoeger and Abshire&quot;, Slug = &quot;vlorenzin2-bvitall2&quot;, ... }, Challenge { Accelerations = null, CreatedAt = 2019-01-09T12:28:27.0000000, Id = 5, Name = &quot;Sipes and Sons&quot;, Slug = &quot;bdubarry4-medgeller4&quot;, ... }, Challenge { Accelerations = [...], CreatedAt = 2018-12-28T10:20:48.0000000, Id = 3, Name = &quot;Schuster, Hoeger and Abshire&quot;, Slug = &quot;vlorenzin2-bvitall2&quot;, ... }]">   at Codenation.Challenge.ChallengeServiceTest.Should_Be_Right_Challenges_When_Find_By_Accelartion_And_User(Int32 accelerationId, Int32 userId) in C:\Users\heron\codenation\csharp-8\Source.TestSubmission\ChallengeServiceTest.cs:line 44</error>
    </testcase>
    <testcase classname="Codenation.Challenge.ChallengeServiceTest" name="Codenation.Challenge.ChallengeServiceTest.Should_Update_The_Challenge_When_Save" time="0.0100000" />
    <testcase classname="Codenation.Challenge.CompanyServiceTest" name="Codenation.Challenge.CompanyServiceTest.Should_Be_Right_Companies_When_Find_By_Accelaration_Id(accelerationId: 2)" time="0.0440000" />
    <testcase classname="Codenation.Challenge.CompanyServiceTest" name="Codenation.Challenge.CompanyServiceTest.Should_Be_Right_Companies_When_Find_By_Accelaration_Id(accelerationId: 1)" time="0.0770000" />
    <testcase classname="Codenation.Challenge.CompanyServiceTest" name="Codenation.Challenge.CompanyServiceTest.Should_Add_New_Company_When_Save" time="0.0040000" />
    <testcase classname="Codenation.Challenge.CompanyServiceTest" name="Codenation.Challenge.CompanyServiceTest.Should_Be_Right_Companies_When_Find_By_User_Id(userId: 1)" time="0.0620000">
      <error message="Assert.Equal() Failure&#xD;&#xA;Expected: List&lt;Company&gt; [Company { Candidates = null, CreatedAt = 2019-06-13T23:22:48.0000000, Id = 1, Name = &quot;Keeling-Ward&quot;, Slug = &quot;dgirardoni0-jscola0&quot; }]&#xD;&#xA;Actual:   List&lt;Company&gt; [Company { Candidates = null, CreatedAt = 2019-06-13T23:22:48.0000000, Id = 1, Name = &quot;Keeling-Ward&quot;, Slug = &quot;dgirardoni0-jscola0&quot; }, Company { Candidates = null, CreatedAt = 2019-06-13T23:22:48.0000000, Id = 1, Name = &quot;Keeling-Ward&quot;, Slug = &quot;dgirardoni0-jscola0&quot; }, Company { Candidates = null, CreatedAt = 2019-06-13T23:22:48.0000000, Id = 1, Name = &quot;Keeling-Ward&quot;, Slug = &quot;dgirardoni0-jscola0&quot; }, Company { Candidates = null, CreatedAt = 2019-06-13T23:22:48.0000000, Id = 1, Name = &quot;Keeling-Ward&quot;, Slug = &quot;dgirardoni0-jscola0&quot; }]">   at Codenation.Challenge.CompanyServiceTest.Should_Be_Right_Companies_When_Find_By_User_Id(Int32 userId) in C:\Users\heron\codenation\csharp-8\Source.TestSubmission\CompanyServiceTest.cs:line 89</error>
    </testcase>
    <testcase classname="Codenation.Challenge.CompanyServiceTest" name="Codenation.Challenge.CompanyServiceTest.Should_Be_Right_Companies_When_Find_By_User_Id(userId: 3)" time="0.0280000">
      <error message="Assert.Equal() Failure&#xD;&#xA;Expected: List&lt;Company&gt; [Company { Candidates = null, CreatedAt = 2018-12-28T10:20:48.0000000, Id = 3, Name = &quot;Schuster, Hoeger and Abshire&quot;, Slug = &quot;vlorenzin2-bvitall2&quot; }, Company { Candidates = null, CreatedAt = 2019-04-30T02:41:10.0000000, Id = 2, Name = &quot;Halvorson LLC&quot;, Slug = &quot;pmattack1-hsantus1&quot; }]&#xD;&#xA;Actual:   List&lt;Company&gt; [Company { Candidates = null, CreatedAt = 2018-12-28T10:20:48.0000000, Id = 3, Name = &quot;Schuster, Hoeger and Abshire&quot;, Slug = &quot;vlorenzin2-bvitall2&quot; }, Company { Candidates = null, CreatedAt = 2019-04-30T02:41:10.0000000, Id = 2, Name = &quot;Halvorson LLC&quot;, Slug = &quot;pmattack1-hsantus1&quot; }, Company { Candidates = null, CreatedAt = 2019-04-30T02:41:10.0000000, Id = 2, Name = &quot;Halvorson LLC&quot;, Slug = &quot;pmattack1-hsantus1&quot; }]">   at Codenation.Challenge.CompanyServiceTest.Should_Be_Right_Companies_When_Find_By_User_Id(Int32 userId) in C:\Users\heron\codenation\csharp-8\Source.TestSubmission\CompanyServiceTest.cs:line 89</error>
    </testcase>
    <testcase classname="Codenation.Challenge.CompanyServiceTest" name="Codenation.Challenge.CompanyServiceTest.Should_Be_Right_Companies_When_Find_By_User_Id(userId: 2)" time="0.0420000">
      <error message="Assert.Equal() Failure&#xD;&#xA;Expected: List&lt;Company&gt; [Company { Candidates = null, CreatedAt = 2019-04-30T02:41:10.0000000, Id = 2, Name = &quot;Halvorson LLC&quot;, Slug = &quot;pmattack1-hsantus1&quot; }, Company { Candidates = null, CreatedAt = 2019-06-13T23:22:48.0000000, Id = 1, Name = &quot;Keeling-Ward&quot;, Slug = &quot;dgirardoni0-jscola0&quot; }]&#xD;&#xA;Actual:   List&lt;Company&gt; [Company { Candidates = null, CreatedAt = 2019-04-30T02:41:10.0000000, Id = 2, Name = &quot;Halvorson LLC&quot;, Slug = &quot;pmattack1-hsantus1&quot; }, Company { Candidates = null, CreatedAt = 2019-06-13T23:22:48.0000000, Id = 1, Name = &quot;Keeling-Ward&quot;, Slug = &quot;dgirardoni0-jscola0&quot; }, Company { Candidates = null, CreatedAt = 2019-06-13T23:22:48.0000000, Id = 1, Name = &quot;Keeling-Ward&quot;, Slug = &quot;dgirardoni0-jscola0&quot; }]">   at Codenation.Challenge.CompanyServiceTest.Should_Be_Right_Companies_When_Find_By_User_Id(Int32 userId) in C:\Users\heron\codenation\csharp-8\Source.TestSubmission\CompanyServiceTest.cs:line 89</error>
    </testcase>
    <testcase classname="Codenation.Challenge.CompanyServiceTest" name="Codenation.Challenge.CompanyServiceTest.Should_Be_Right_Company_When_Find_By_Id(id: 3)" time="0.0240000" />
    <testcase classname="Codenation.Challenge.CompanyServiceTest" name="Codenation.Challenge.CompanyServiceTest.Should_Be_Right_Company_When_Find_By_Id(id: 2)" time="0.0040000" />
    <testcase classname="Codenation.Challenge.CompanyServiceTest" name="Codenation.Challenge.CompanyServiceTest.Should_Be_Right_Company_When_Find_By_Id(id: 1)" time="0.0090000" />
    <testcase classname="Codenation.Challenge.CompanyServiceTest" name="Codenation.Challenge.CompanyServiceTest.Should_Update_The_Company_When_Save" time="0.0040000" />
    <testcase classname="Codenation.Challenge.SubmissionServiceTest" name="Codenation.Challenge.SubmissionServiceTest.Should_Add_New_Submission_When_Save" time="2.4630000">
      <error message="Microsoft.EntityFrameworkCore.DbUpdateConcurrencyException : Attempted to update or delete an entity that does not exist in the store.">   at Microsoft.EntityFrameworkCore.InMemory.Storage.Internal.InMemoryTable`1.Update(IUpdateEntry entry)
   at Microsoft.EntityFrameworkCore.InMemory.Storage.Internal.InMemoryStore.ExecuteTransaction(IReadOnlyList`1 entries, IDiagnosticsLogger`1 updateLogger)
   at Microsoft.EntityFrameworkCore.ChangeTracking.Internal.StateManager.SaveChanges(IReadOnlyList`1 entriesToSave)
   at Microsoft.EntityFrameworkCore.ChangeTracking.Internal.StateManager.SaveChanges(Boolean acceptAllChangesOnSuccess)
   at Microsoft.EntityFrameworkCore.DbContext.SaveChanges(Boolean acceptAllChangesOnSuccess)
   at Codenation.Challenge.Services.SubmissionService.Save(Submission submission) in C:\Users\heron\codenation\csharp-8\Source\Services\SubmissionsService.cs:line 41
   at Codenation.Challenge.SubmissionServiceTest.Should_Add_New_Submission_When_Save() in C:\Users\heron\codenation\csharp-8\Source.TestSubmission\SubmissionServiceTest.cs:line 81</error>
    </testcase>
    <testcase classname="Codenation.Challenge.SubmissionServiceTest" name="Codenation.Challenge.SubmissionServiceTest.Should_Be_Right_Submissions_When_Find_By_Challenge_And_Acceleration(challengeId: 3, accelerationId: 3)" time="0.4560000">
      <error message="System.InvalidOperationException : An exception was thrown while attempting to evaluate a LINQ query parameter expression. To show additional information call EnableSensitiveDataLogging() when overriding DbContext.OnConfiguring.&#xD;&#xA;---- System.NullReferenceException : Object reference not set to an instance of an object.">   at Microsoft.EntityFrameworkCore.Query.ExpressionVisitors.Internal.ParameterExtractingExpressionVisitor.Evaluate(Expression expression, String&amp; parameterName)
   at Microsoft.EntityFrameworkCore.Query.ExpressionVisitors.Internal.ParameterExtractingExpressionVisitor.TryExtractParameter(Expression expression)
   at System.Linq.Expressions.MemberExpression.Accept(ExpressionVisitor visitor)
   at System.Linq.Expressions.ExpressionVisitor.Visit(Expression node)
   at System.Linq.Expressions.ExpressionVisitor.VisitBinary(BinaryExpression node)
   at System.Linq.Expressions.BinaryExpression.Accept(ExpressionVisitor visitor)
   at System.Linq.Expressions.ExpressionVisitor.Visit(Expression node)
   at Microsoft.EntityFrameworkCore.Query.ExpressionVisitors.Internal.ParameterExtractingExpressionVisitor.VisitBinary(BinaryExpression binaryExpression)
   at System.Linq.Expressions.BinaryExpression.Accept(ExpressionVisitor visitor)
   at System.Linq.Expressions.ExpressionVisitor.Visit(Expression node)
   at System.Linq.Expressions.ExpressionVisitor.VisitLambda[T](Expression`1 node)
   at Microsoft.EntityFrameworkCore.Query.ExpressionVisitors.Internal.ParameterExtractingExpressionVisitor.VisitLambda[T](Expression`1 node)
   at System.Linq.Expressions.Expression`1.Accept(ExpressionVisitor visitor)
   at System.Linq.Expressions.ExpressionVisitor.Visit(Expression node)
   at System.Linq.Expressions.ExpressionVisitor.VisitUnary(UnaryExpression node)
   at Microsoft.EntityFrameworkCore.Query.ExpressionVisitors.Internal.ParameterExtractingExpressionVisitor.VisitUnary(UnaryExpression unaryExpression)
   at System.Linq.Expressions.UnaryExpression.Accept(ExpressionVisitor visitor)
   at System.Linq.Expressions.ExpressionVisitor.Visit(Expression node)
   at System.Dynamic.Utils.ExpressionVisitorUtils.VisitArguments(ExpressionVisitor visitor, IArgumentProvider nodes)
   at System.Linq.Expressions.ExpressionVisitor.VisitMethodCall(MethodCallExpression node)
   at Microsoft.EntityFrameworkCore.Query.ExpressionVisitors.Internal.ParameterExtractingExpressionVisitor.VisitMethodCall(MethodCallExpression methodCallExpression)
   at System.Linq.Expressions.MethodCallExpression.Accept(ExpressionVisitor visitor)
   at System.Linq.Expressions.ExpressionVisitor.Visit(Expression node)
   at Microsoft.EntityFrameworkCore.Query.ExpressionVisitors.Internal.ParameterExtractingExpressionVisitor.ExtractParameters(Expression expression)
   at Microsoft.EntityFrameworkCore.Query.Internal.QueryCompiler.Execute[TResult](Expression query)
   at Remotion.Linq.QueryableBase`1.GetEnumerator()
   at System.Collections.Generic.List`1.AddEnumerable(IEnumerable`1 enumerable)
   at System.Linq.Enumerable.ToList[TSource](IEnumerable`1 source)
   at Codenation.Challenge.Services.SubmissionService.FindByChallengeIdAndAccelerationId(Int32 challengeId, Int32 accelerationId) in C:\Users\heron\codenation\csharp-8\Source\Services\SubmissionsService.cs:line 23
   at Codenation.Challenge.SubmissionServiceTest.Should_Be_Right_Submissions_When_Find_By_Challenge_And_Acceleration(Int32 challengeId, Int32 accelerationId) in C:\Users\heron\codenation\csharp-8\Source.TestSubmission\SubmissionServiceTest.cs:line 61
----- Inner Stack Trace -----
   at lambda_method(Closure )
   at Microsoft.EntityFrameworkCore.Query.ExpressionVisitors.Internal.ParameterExtractingExpressionVisitor.Evaluate(Expression expression, String&amp; parameterName)</error>
    </testcase>
    <testcase classname="Codenation.Challenge.SubmissionServiceTest" name="Codenation.Challenge.SubmissionServiceTest.Should_Be_Right_Submissions_When_Find_By_Challenge_And_Acceleration(challengeId: 1, accelerationId: 1)" time="0.0160000">
      <error message="System.InvalidOperationException : An exception was thrown while attempting to evaluate a LINQ query parameter expression. To show additional information call EnableSensitiveDataLogging() when overriding DbContext.OnConfiguring.&#xD;&#xA;---- System.NullReferenceException : Object reference not set to an instance of an object.">   at Microsoft.EntityFrameworkCore.Query.ExpressionVisitors.Internal.ParameterExtractingExpressionVisitor.Evaluate(Expression expression, String&amp; parameterName)
   at Microsoft.EntityFrameworkCore.Query.ExpressionVisitors.Internal.ParameterExtractingExpressionVisitor.TryExtractParameter(Expression expression)
   at System.Linq.Expressions.MemberExpression.Accept(ExpressionVisitor visitor)
   at System.Linq.Expressions.ExpressionVisitor.Visit(Expression node)
   at System.Linq.Expressions.ExpressionVisitor.VisitBinary(BinaryExpression node)
   at System.Linq.Expressions.BinaryExpression.Accept(ExpressionVisitor visitor)
   at System.Linq.Expressions.ExpressionVisitor.Visit(Expression node)
   at Microsoft.EntityFrameworkCore.Query.ExpressionVisitors.Internal.ParameterExtractingExpressionVisitor.VisitBinary(BinaryExpression binaryExpression)
   at System.Linq.Expressions.BinaryExpression.Accept(ExpressionVisitor visitor)
   at System.Linq.Expressions.ExpressionVisitor.Visit(Expression node)
   at System.Linq.Expressions.ExpressionVisitor.VisitLambda[T](Expression`1 node)
   at Microsoft.EntityFrameworkCore.Query.ExpressionVisitors.Internal.ParameterExtractingExpressionVisitor.VisitLambda[T](Expression`1 node)
   at System.Linq.Expressions.Expression`1.Accept(ExpressionVisitor visitor)
   at System.Linq.Expressions.ExpressionVisitor.Visit(Expression node)
   at System.Linq.Expressions.ExpressionVisitor.VisitUnary(UnaryExpression node)
   at Microsoft.EntityFrameworkCore.Query.ExpressionVisitors.Internal.ParameterExtractingExpressionVisitor.VisitUnary(UnaryExpression unaryExpression)
   at System.Linq.Expressions.UnaryExpression.Accept(ExpressionVisitor visitor)
   at System.Linq.Expressions.ExpressionVisitor.Visit(Expression node)
   at System.Dynamic.Utils.ExpressionVisitorUtils.VisitArguments(ExpressionVisitor visitor, IArgumentProvider nodes)
   at System.Linq.Expressions.ExpressionVisitor.VisitMethodCall(MethodCallExpression node)
   at Microsoft.EntityFrameworkCore.Query.ExpressionVisitors.Internal.ParameterExtractingExpressionVisitor.VisitMethodCall(MethodCallExpression methodCallExpression)
   at System.Linq.Expressions.MethodCallExpression.Accept(ExpressionVisitor visitor)
   at System.Linq.Expressions.ExpressionVisitor.Visit(Expression node)
   at Microsoft.EntityFrameworkCore.Query.ExpressionVisitors.Internal.ParameterExtractingExpressionVisitor.ExtractParameters(Expression expression)
   at Microsoft.EntityFrameworkCore.Query.Internal.QueryCompiler.Execute[TResult](Expression query)
   at Remotion.Linq.QueryableBase`1.GetEnumerator()
   at System.Collections.Generic.List`1.AddEnumerable(IEnumerable`1 enumerable)
   at System.Linq.Enumerable.ToList[TSource](IEnumerable`1 source)
   at Codenation.Challenge.Services.SubmissionService.FindByChallengeIdAndAccelerationId(Int32 challengeId, Int32 accelerationId) in C:\Users\heron\codenation\csharp-8\Source\Services\SubmissionsService.cs:line 23
   at Codenation.Challenge.SubmissionServiceTest.Should_Be_Right_Submissions_When_Find_By_Challenge_And_Acceleration(Int32 challengeId, Int32 accelerationId) in C:\Users\heron\codenation\csharp-8\Source.TestSubmission\SubmissionServiceTest.cs:line 61
----- Inner Stack Trace -----
   at lambda_method(Closure )
   at Microsoft.EntityFrameworkCore.Query.ExpressionVisitors.Internal.ParameterExtractingExpressionVisitor.Evaluate(Expression expression, String&amp; parameterName)</error>
    </testcase>
    <testcase classname="Codenation.Challenge.SubmissionServiceTest" name="Codenation.Challenge.SubmissionServiceTest.Should_Be_Right_Submissions_When_Find_By_Challenge_And_Acceleration(challengeId: 2, accelerationId: 2)" time="0.0300000">
      <error message="System.InvalidOperationException : An exception was thrown while attempting to evaluate a LINQ query parameter expression. To show additional information call EnableSensitiveDataLogging() when overriding DbContext.OnConfiguring.&#xD;&#xA;---- System.NullReferenceException : Object reference not set to an instance of an object.">   at Microsoft.EntityFrameworkCore.Query.ExpressionVisitors.Internal.ParameterExtractingExpressionVisitor.Evaluate(Expression expression, String&amp; parameterName)
   at Microsoft.EntityFrameworkCore.Query.ExpressionVisitors.Internal.ParameterExtractingExpressionVisitor.TryExtractParameter(Expression expression)
   at System.Linq.Expressions.MemberExpression.Accept(ExpressionVisitor visitor)
   at System.Linq.Expressions.ExpressionVisitor.Visit(Expression node)
   at System.Linq.Expressions.ExpressionVisitor.VisitBinary(BinaryExpression node)
   at System.Linq.Expressions.BinaryExpression.Accept(ExpressionVisitor visitor)
   at System.Linq.Expressions.ExpressionVisitor.Visit(Expression node)
   at Microsoft.EntityFrameworkCore.Query.ExpressionVisitors.Internal.ParameterExtractingExpressionVisitor.VisitBinary(BinaryExpression binaryExpression)
   at System.Linq.Expressions.BinaryExpression.Accept(ExpressionVisitor visitor)
   at System.Linq.Expressions.ExpressionVisitor.Visit(Expression node)
   at System.Linq.Expressions.ExpressionVisitor.VisitLambda[T](Expression`1 node)
   at Microsoft.EntityFrameworkCore.Query.ExpressionVisitors.Internal.ParameterExtractingExpressionVisitor.VisitLambda[T](Expression`1 node)
   at System.Linq.Expressions.Expression`1.Accept(ExpressionVisitor visitor)
   at System.Linq.Expressions.ExpressionVisitor.Visit(Expression node)
   at System.Linq.Expressions.ExpressionVisitor.VisitUnary(UnaryExpression node)
   at Microsoft.EntityFrameworkCore.Query.ExpressionVisitors.Internal.ParameterExtractingExpressionVisitor.VisitUnary(UnaryExpression unaryExpression)
   at System.Linq.Expressions.UnaryExpression.Accept(ExpressionVisitor visitor)
   at System.Linq.Expressions.ExpressionVisitor.Visit(Expression node)
   at System.Dynamic.Utils.ExpressionVisitorUtils.VisitArguments(ExpressionVisitor visitor, IArgumentProvider nodes)
   at System.Linq.Expressions.ExpressionVisitor.VisitMethodCall(MethodCallExpression node)
   at Microsoft.EntityFrameworkCore.Query.ExpressionVisitors.Internal.ParameterExtractingExpressionVisitor.VisitMethodCall(MethodCallExpression methodCallExpression)
   at System.Linq.Expressions.MethodCallExpression.Accept(ExpressionVisitor visitor)
   at System.Linq.Expressions.ExpressionVisitor.Visit(Expression node)
   at Microsoft.EntityFrameworkCore.Query.ExpressionVisitors.Internal.ParameterExtractingExpressionVisitor.ExtractParameters(Expression expression)
   at Microsoft.EntityFrameworkCore.Query.Internal.QueryCompiler.Execute[TResult](Expression query)
   at Remotion.Linq.QueryableBase`1.GetEnumerator()
   at System.Collections.Generic.List`1.AddEnumerable(IEnumerable`1 enumerable)
   at System.Linq.Enumerable.ToList[TSource](IEnumerable`1 source)
   at Codenation.Challenge.Services.SubmissionService.FindByChallengeIdAndAccelerationId(Int32 challengeId, Int32 accelerationId) in C:\Users\heron\codenation\csharp-8\Source\Services\SubmissionsService.cs:line 23
   at Codenation.Challenge.SubmissionServiceTest.Should_Be_Right_Submissions_When_Find_By_Challenge_And_Acceleration(Int32 challengeId, Int32 accelerationId) in C:\Users\heron\codenation\csharp-8\Source.TestSubmission\SubmissionServiceTest.cs:line 61
----- Inner Stack Trace -----
   at lambda_method(Closure )
   at Microsoft.EntityFrameworkCore.Query.ExpressionVisitors.Internal.ParameterExtractingExpressionVisitor.Evaluate(Expression expression, String&amp; parameterName)</error>
    </testcase>
    <testcase classname="Codenation.Challenge.SubmissionServiceTest" name="Codenation.Challenge.SubmissionServiceTest.Should_Be_Higher_Score_When_Get_By_Challenge_Id(challengeId: 3)" time="0.1560000" />
    <testcase classname="Codenation.Challenge.SubmissionServiceTest" name="Codenation.Challenge.SubmissionServiceTest.Should_Be_Higher_Score_When_Get_By_Challenge_Id(challengeId: 1)" time="0.0040000" />
    <testcase classname="Codenation.Challenge.SubmissionServiceTest" name="Codenation.Challenge.SubmissionServiceTest.Should_Be_Higher_Score_When_Get_By_Challenge_Id(challengeId: 2)" time="0.0040000" />
    <testcase classname="Codenation.Challenge.SubmissionServiceTest" name="Codenation.Challenge.SubmissionServiceTest.Should_Update_The_Sumission_When_Save" time="0.0060000" />
    <testcase classname="Codenation.Challenge.UserServiceTest" name="Codenation.Challenge.UserServiceTest.Should_Be_Right_Users_When_Find_By_Accelaration_Name(accelerationName: &quot;Velvet Grass&quot;)" time="0.0800000" />
    <testcase classname="Codenation.Challenge.UserServiceTest" name="Codenation.Challenge.UserServiceTest.Should_Be_Right_Users_When_Find_By_Accelaration_Name(accelerationName: &quot;Progesterone&quot;)" time="0.0330000" />
    <testcase classname="Codenation.Challenge.UserServiceTest" name="Codenation.Challenge.UserServiceTest.Should_Be_Right_Users_When_Find_By_Company_Id(companyId: 3)" time="0.0930000" />
    <testcase classname="Codenation.Challenge.UserServiceTest" name="Codenation.Challenge.UserServiceTest.Should_Be_Right_Users_When_Find_By_Company_Id(companyId: 1)" time="0.0060000">
      <error message="Assert.Equal() Failure&#xD;&#xA;Expected: List&lt;User&gt; [User { Candidates = null, CreatedAt = 2019-06-17T06:35:28.0000000, Email = &quot;ccapaldi0@exblog.jp&quot;, FullName = &quot;Chlo Capaldi&quot;, Id = 1, ... }, User { Candidates = null, CreatedAt = 2018-08-25T17:45:58.0000000, Email = &quot;vcowwell1@lycos.com&quot;, FullName = &quot;Vivia Cowwell&quot;, Id = 2, ... }]&#xD;&#xA;Actual:   List&lt;User&gt; [User { Candidates = null, CreatedAt = 2019-06-17T06:35:28.0000000, Email = &quot;ccapaldi0@exblog.jp&quot;, FullName = &quot;Chlo Capaldi&quot;, Id = 1, ... }, User { Candidates = null, CreatedAt = 2019-06-17T06:35:28.0000000, Email = &quot;ccapaldi0@exblog.jp&quot;, FullName = &quot;Chlo Capaldi&quot;, Id = 1, ... }, User { Candidates = null, CreatedAt = 2019-06-17T06:35:28.0000000, Email = &quot;ccapaldi0@exblog.jp&quot;, FullName = &quot;Chlo Capaldi&quot;, Id = 1, ... }, User { Candidates = null, CreatedAt = 2019-06-17T06:35:28.0000000, Email = &quot;ccapaldi0@exblog.jp&quot;, FullName = &quot;Chlo Capaldi&quot;, Id = 1, ... }, User { Candidates = null, CreatedAt = 2018-08-25T17:45:58.0000000, Email = &quot;vcowwell1@lycos.com&quot;, FullName = &quot;Vivia Cowwell&quot;, Id = 2, ... }, ...]">   at Codenation.Challenge.UserServiceTest.Should_Be_Right_Users_When_Find_By_Company_Id(Int32 companyId) in C:\Users\heron\codenation\csharp-8\Source.TestSubmission\UserServiceTest.cs:line 89</error>
    </testcase>
    <testcase classname="Codenation.Challenge.UserServiceTest" name="Codenation.Challenge.UserServiceTest.Should_Be_Right_Users_When_Find_By_Company_Id(companyId: 2)" time="0.0090000">
      <error message="Assert.Equal() Failure&#xD;&#xA;Expected: List&lt;User&gt; [User { Candidates = null, CreatedAt = 2018-08-25T17:45:58.0000000, Email = &quot;vcowwell1@lycos.com&quot;, FullName = &quot;Vivia Cowwell&quot;, Id = 2, ... }, User { Candidates = null, CreatedAt = 2019-06-06T22:01:28.0000000, Email = &quot;owynn2@themeforest.net&quot;, FullName = &quot;Osborne Wynn&quot;, Id = 3, ... }]&#xD;&#xA;Actual:   List&lt;User&gt; [User { Candidates = null, CreatedAt = 2018-08-25T17:45:58.0000000, Email = &quot;vcowwell1@lycos.com&quot;, FullName = &quot;Vivia Cowwell&quot;, Id = 2, ... }, User { Candidates = null, CreatedAt = 2019-06-06T22:01:28.0000000, Email = &quot;owynn2@themeforest.net&quot;, FullName = &quot;Osborne Wynn&quot;, Id = 3, ... }, User { Candidates = null, CreatedAt = 2019-06-06T22:01:28.0000000, Email = &quot;owynn2@themeforest.net&quot;, FullName = &quot;Osborne Wynn&quot;, Id = 3, ... }]">   at Codenation.Challenge.UserServiceTest.Should_Be_Right_Users_When_Find_By_Company_Id(Int32 companyId) in C:\Users\heron\codenation\csharp-8\Source.TestSubmission\UserServiceTest.cs:line 89</error>
    </testcase>
    <testcase classname="Codenation.Challenge.UserServiceTest" name="Codenation.Challenge.UserServiceTest.Should_Return_Right_User_When_Find_By_Id(id: 1)" time="0.0300000" />
    <testcase classname="Codenation.Challenge.UserServiceTest" name="Codenation.Challenge.UserServiceTest.Should_Return_Right_User_When_Find_By_Id(id: 3)" time="0.0170000" />
    <testcase classname="Codenation.Challenge.UserServiceTest" name="Codenation.Challenge.UserServiceTest.Should_Return_Right_User_When_Find_By_Id(id: 2)" time="0.0020000" />
    <testcase classname="Codenation.Challenge.UserServiceTest" name="Codenation.Challenge.UserServiceTest.Should_Add_New_User_When_Save" time="0.0040000" />
    <testcase classname="Codenation.Challenge.UserServiceTest" name="Codenation.Challenge.UserServiceTest.Should_Update_The_User_When_Save" time="0.0190000" />
  </testsuite>
</testsuites>