<?xml version="1.0" encoding="utf-8"?>
<testsuites time="4.314" tests="45" failures="12">
  <testsuite id="0" name="Source.TestSubmission.dll" tests="45" failures="12" time="4.314">
    <testcase classname="Codenation.Challenge.AccelerationControllerTest" name="Codenation.Challenge.AccelerationControllerTest.Should_Be_Ok_When_Find_By_Company_Id(companyId: 1)" time="0.7530000" />
    <testcase classname="Codenation.Challenge.AccelerationControllerTest" name="Codenation.Challenge.AccelerationControllerTest.Should_Be_Ok_When_Find_By_Company_Id(companyId: 2)" time="0.0510000" />
    <testcase classname="Codenation.Challenge.AccelerationControllerTest" name="Codenation.Challenge.AccelerationControllerTest.Should_Be_Ok_When_Find_By_Id(id: 2)" time="0.0190000" />
    <testcase classname="Codenation.Challenge.AccelerationControllerTest" name="Codenation.Challenge.AccelerationControllerTest.Should_Be_Ok_When_Find_By_Id(id: 1)" time="0.0200000" />
    <testcase classname="Codenation.Challenge.AccelerationControllerTest" name="Codenation.Challenge.AccelerationControllerTest.Should_Be_Ok_When_Find_By_Id(id: 3)" time="0.0190000" />
    <testcase classname="Codenation.Challenge.AccelerationControllerTest" name="Codenation.Challenge.AccelerationControllerTest.Should_Be_Ok_When_Post" time="0.0500000" />
    <testcase classname="Codenation.Challenge.CandidateControllerTest" name="Codenation.Challenge.CandidateControllerTest.Should_Be_Ok_When_Find_By_Id(userId: 3, accelerationId: 3, companyId: 3)" time="0.6700000" />
    <testcase classname="Codenation.Challenge.CandidateControllerTest" name="Codenation.Challenge.CandidateControllerTest.Should_Be_Ok_When_Find_By_Id(userId: 1, accelerationId: 1, companyId: 1)" time="0.0180000" />
    <testcase classname="Codenation.Challenge.CandidateControllerTest" name="Codenation.Challenge.CandidateControllerTest.Should_Be_Ok_When_Find_By_Id(userId: 2, accelerationId: 2, companyId: 2)" time="0.0140000" />
    <testcase classname="Codenation.Challenge.CandidateControllerTest" name="Codenation.Challenge.CandidateControllerTest.Should_Be_Ok_When_Find_By_Company_Id(companyId: 3)" time="0.1260000">
      <error message="AutoMapper.AutoMapperMappingException : Error mapping types.&#xD;&#xA;&#xD;&#xA;Mapping types:&#xD;&#xA;List`1 -&gt; IEnumerable`1&#xD;&#xA;System.Collections.Generic.List`1[[Codenation.Challenge.Models.Candidate, Source, Version=1.0.0.0, Culture=neutral, PublicKeyToken=null]] -&gt; System.Collections.Generic.IEnumerable`1[[Codenation.Challenge.DTOs.UserDTO, Source, Version=1.0.0.0, Culture=neutral, PublicKeyToken=null]]&#xD;&#xA;---- AutoMapper.AutoMapperMappingException : Missing type map configuration or unsupported mapping.&#xD;&#xA;&#xD;&#xA;Mapping types:&#xD;&#xA;Candidate -&gt; UserDTO&#xD;&#xA;Codenation.Challenge.Models.Candidate -&gt; Codenation.Challenge.DTOs.UserDTO">   at lambda_method(Closure , List`1 , IEnumerable`1 , ResolutionContext )
   at lambda_method(Closure , Object , Object , ResolutionContext )
   at Codenation.Challenge.Controllers.CandidateController.GetAll(Nullable`1 accelerationId, Nullable`1 companyId) in C:\Users\heron\codenation\csharp-9\Source\Controllers\CandidateController.cs:line 73
   at Codenation.Challenge.CandidateControllerTest.Should_Be_Ok_When_Find_By_Company_Id(Int32 companyId) in C:\Users\heron\codenation\csharp-9\Source.TestSubmission\CandidateControllerTest.cs:line 45
----- Inner Stack Trace -----
   at lambda_method(Closure , Candidate , UserDTO , ResolutionContext )
   at lambda_method(Closure , List`1 , IEnumerable`1 , ResolutionContext )</error>
    </testcase>
    <testcase classname="Codenation.Challenge.CandidateControllerTest" name="Codenation.Challenge.CandidateControllerTest.Should_Be_Ok_When_Find_By_Company_Id(companyId: 2)" time="0.0520000">
      <error message="AutoMapper.AutoMapperMappingException : Error mapping types.&#xD;&#xA;&#xD;&#xA;Mapping types:&#xD;&#xA;List`1 -&gt; IEnumerable`1&#xD;&#xA;System.Collections.Generic.List`1[[Codenation.Challenge.Models.Candidate, Source, Version=1.0.0.0, Culture=neutral, PublicKeyToken=null]] -&gt; System.Collections.Generic.IEnumerable`1[[Codenation.Challenge.DTOs.UserDTO, Source, Version=1.0.0.0, Culture=neutral, PublicKeyToken=null]]&#xD;&#xA;---- AutoMapper.AutoMapperMappingException : Missing type map configuration or unsupported mapping.&#xD;&#xA;&#xD;&#xA;Mapping types:&#xD;&#xA;Candidate -&gt; UserDTO&#xD;&#xA;Codenation.Challenge.Models.Candidate -&gt; Codenation.Challenge.DTOs.UserDTO">   at lambda_method(Closure , List`1 , IEnumerable`1 , ResolutionContext )
   at lambda_method(Closure , Object , Object , ResolutionContext )
   at Codenation.Challenge.Controllers.CandidateController.GetAll(Nullable`1 accelerationId, Nullable`1 companyId) in C:\Users\heron\codenation\csharp-9\Source\Controllers\CandidateController.cs:line 73
   at Codenation.Challenge.CandidateControllerTest.Should_Be_Ok_When_Find_By_Company_Id(Int32 companyId) in C:\Users\heron\codenation\csharp-9\Source.TestSubmission\CandidateControllerTest.cs:line 45
----- Inner Stack Trace -----
   at lambda_method(Closure , Candidate , UserDTO , ResolutionContext )
   at lambda_method(Closure , List`1 , IEnumerable`1 , ResolutionContext )</error>
    </testcase>
    <testcase classname="Codenation.Challenge.CandidateControllerTest" name="Codenation.Challenge.CandidateControllerTest.Should_Be_Ok_When_Find_By_Company_Id(companyId: 1)" time="0.0380000">
      <error message="AutoMapper.AutoMapperMappingException : Error mapping types.&#xD;&#xA;&#xD;&#xA;Mapping types:&#xD;&#xA;List`1 -&gt; IEnumerable`1&#xD;&#xA;System.Collections.Generic.List`1[[Codenation.Challenge.Models.Candidate, Source, Version=1.0.0.0, Culture=neutral, PublicKeyToken=null]] -&gt; System.Collections.Generic.IEnumerable`1[[Codenation.Challenge.DTOs.UserDTO, Source, Version=1.0.0.0, Culture=neutral, PublicKeyToken=null]]&#xD;&#xA;---- AutoMapper.AutoMapperMappingException : Missing type map configuration or unsupported mapping.&#xD;&#xA;&#xD;&#xA;Mapping types:&#xD;&#xA;Candidate -&gt; UserDTO&#xD;&#xA;Codenation.Challenge.Models.Candidate -&gt; Codenation.Challenge.DTOs.UserDTO">   at lambda_method(Closure , List`1 , IEnumerable`1 , ResolutionContext )
   at lambda_method(Closure , Object , Object , ResolutionContext )
   at Codenation.Challenge.Controllers.CandidateController.GetAll(Nullable`1 accelerationId, Nullable`1 companyId) in C:\Users\heron\codenation\csharp-9\Source\Controllers\CandidateController.cs:line 73
   at Codenation.Challenge.CandidateControllerTest.Should_Be_Ok_When_Find_By_Company_Id(Int32 companyId) in C:\Users\heron\codenation\csharp-9\Source.TestSubmission\CandidateControllerTest.cs:line 45
----- Inner Stack Trace -----
   at lambda_method(Closure , Candidate , UserDTO , ResolutionContext )
   at lambda_method(Closure , List`1 , IEnumerable`1 , ResolutionContext )</error>
    </testcase>
    <testcase classname="Codenation.Challenge.CandidateControllerTest" name="Codenation.Challenge.CandidateControllerTest.Should_Be_Ok_When_Find_By_Accelaration_Id(accelerationId: 3)" time="0.0520000">
      <error message="AutoMapper.AutoMapperMappingException : Error mapping types.&#xD;&#xA;&#xD;&#xA;Mapping types:&#xD;&#xA;List`1 -&gt; IEnumerable`1&#xD;&#xA;System.Collections.Generic.List`1[[Codenation.Challenge.Models.Candidate, Source, Version=1.0.0.0, Culture=neutral, PublicKeyToken=null]] -&gt; System.Collections.Generic.IEnumerable`1[[Codenation.Challenge.DTOs.UserDTO, Source, Version=1.0.0.0, Culture=neutral, PublicKeyToken=null]]&#xD;&#xA;---- AutoMapper.AutoMapperMappingException : Missing type map configuration or unsupported mapping.&#xD;&#xA;&#xD;&#xA;Mapping types:&#xD;&#xA;Candidate -&gt; UserDTO&#xD;&#xA;Codenation.Challenge.Models.Candidate -&gt; Codenation.Challenge.DTOs.UserDTO">   at lambda_method(Closure , List`1 , IEnumerable`1 , ResolutionContext )
   at lambda_method(Closure , Object , Object , ResolutionContext )
   at Codenation.Challenge.Controllers.CandidateController.GetAll(Nullable`1 accelerationId, Nullable`1 companyId) in C:\Users\heron\codenation\csharp-9\Source\Controllers\CandidateController.cs:line 69
   at Codenation.Challenge.CandidateControllerTest.Should_Be_Ok_When_Find_By_Accelaration_Id(Int32 accelerationId) in C:\Users\heron\codenation\csharp-9\Source.TestSubmission\CandidateControllerTest.cs:line 66
----- Inner Stack Trace -----
   at lambda_method(Closure , Candidate , UserDTO , ResolutionContext )
   at lambda_method(Closure , List`1 , IEnumerable`1 , ResolutionContext )</error>
    </testcase>
    <testcase classname="Codenation.Challenge.CandidateControllerTest" name="Codenation.Challenge.CandidateControllerTest.Should_Be_Ok_When_Find_By_Accelaration_Id(accelerationId: 1)" time="0.0300000">
      <error message="AutoMapper.AutoMapperMappingException : Error mapping types.&#xD;&#xA;&#xD;&#xA;Mapping types:&#xD;&#xA;List`1 -&gt; IEnumerable`1&#xD;&#xA;System.Collections.Generic.List`1[[Codenation.Challenge.Models.Candidate, Source, Version=1.0.0.0, Culture=neutral, PublicKeyToken=null]] -&gt; System.Collections.Generic.IEnumerable`1[[Codenation.Challenge.DTOs.UserDTO, Source, Version=1.0.0.0, Culture=neutral, PublicKeyToken=null]]&#xD;&#xA;---- AutoMapper.AutoMapperMappingException : Missing type map configuration or unsupported mapping.&#xD;&#xA;&#xD;&#xA;Mapping types:&#xD;&#xA;Candidate -&gt; UserDTO&#xD;&#xA;Codenation.Challenge.Models.Candidate -&gt; Codenation.Challenge.DTOs.UserDTO">   at lambda_method(Closure , List`1 , IEnumerable`1 , ResolutionContext )
   at lambda_method(Closure , Object , Object , ResolutionContext )
   at Codenation.Challenge.Controllers.CandidateController.GetAll(Nullable`1 accelerationId, Nullable`1 companyId) in C:\Users\heron\codenation\csharp-9\Source\Controllers\CandidateController.cs:line 69
   at Codenation.Challenge.CandidateControllerTest.Should_Be_Ok_When_Find_By_Accelaration_Id(Int32 accelerationId) in C:\Users\heron\codenation\csharp-9\Source.TestSubmission\CandidateControllerTest.cs:line 66
----- Inner Stack Trace -----
   at lambda_method(Closure , Candidate , UserDTO , ResolutionContext )
   at lambda_method(Closure , List`1 , IEnumerable`1 , ResolutionContext )</error>
    </testcase>
    <testcase classname="Codenation.Challenge.CandidateControllerTest" name="Codenation.Challenge.CandidateControllerTest.Should_Be_Ok_When_Find_By_Accelaration_Id(accelerationId: 2)" time="0.0260000">
      <error message="AutoMapper.AutoMapperMappingException : Error mapping types.&#xD;&#xA;&#xD;&#xA;Mapping types:&#xD;&#xA;List`1 -&gt; IEnumerable`1&#xD;&#xA;System.Collections.Generic.List`1[[Codenation.Challenge.Models.Candidate, Source, Version=1.0.0.0, Culture=neutral, PublicKeyToken=null]] -&gt; System.Collections.Generic.IEnumerable`1[[Codenation.Challenge.DTOs.UserDTO, Source, Version=1.0.0.0, Culture=neutral, PublicKeyToken=null]]&#xD;&#xA;---- AutoMapper.AutoMapperMappingException : Missing type map configuration or unsupported mapping.&#xD;&#xA;&#xD;&#xA;Mapping types:&#xD;&#xA;Candidate -&gt; UserDTO&#xD;&#xA;Codenation.Challenge.Models.Candidate -&gt; Codenation.Challenge.DTOs.UserDTO">   at lambda_method(Closure , List`1 , IEnumerable`1 , ResolutionContext )
   at lambda_method(Closure , Object , Object , ResolutionContext )
   at Codenation.Challenge.Controllers.CandidateController.GetAll(Nullable`1 accelerationId, Nullable`1 companyId) in C:\Users\heron\codenation\csharp-9\Source\Controllers\CandidateController.cs:line 69
   at Codenation.Challenge.CandidateControllerTest.Should_Be_Ok_When_Find_By_Accelaration_Id(Int32 accelerationId) in C:\Users\heron\codenation\csharp-9\Source.TestSubmission\CandidateControllerTest.cs:line 66
----- Inner Stack Trace -----
   at lambda_method(Closure , Candidate , UserDTO , ResolutionContext )
   at lambda_method(Closure , List`1 , IEnumerable`1 , ResolutionContext )</error>
    </testcase>
    <testcase classname="Codenation.Challenge.CandidateControllerTest" name="Codenation.Challenge.CandidateControllerTest.Should_Be_Ok_When_Post" time="0.0200000" />
    <testcase classname="Codenation.Challenge.ChallengeControllerTest" name="Codenation.Challenge.ChallengeControllerTest.Should_Be_Ok_When_Find_By_Accelartion_And_User(accelerationId: 1, userId: 1)" time="0.7530000" />
    <testcase classname="Codenation.Challenge.ChallengeControllerTest" name="Codenation.Challenge.ChallengeControllerTest.Should_Be_Ok_When_Find_By_Accelartion_And_User(accelerationId: 3, userId: 3)" time="0.0330000" />
    <testcase classname="Codenation.Challenge.ChallengeControllerTest" name="Codenation.Challenge.ChallengeControllerTest.Should_Be_Ok_When_Find_By_Accelartion_And_User(accelerationId: 2, userId: 2)" time="0.0360000" />
    <testcase classname="Codenation.Challenge.ChallengeControllerTest" name="Codenation.Challenge.ChallengeControllerTest.Should_Be_Ok_When_Post" time="0.0310000" />
    <testcase classname="Codenation.Challenge.CompanyControllerTest" name="Codenation.Challenge.CompanyControllerTest.Should_Be_Ok_When_Post" time="0.6730000" />
    <testcase classname="Codenation.Challenge.CompanyControllerTest" name="Codenation.Challenge.CompanyControllerTest.Should_Be_OK_When_Find_By_Accelaration_Id(accelerationId: 1)" time="0.0770000" />
    <testcase classname="Codenation.Challenge.CompanyControllerTest" name="Codenation.Challenge.CompanyControllerTest.Should_Be_OK_When_Find_By_Accelaration_Id(accelerationId: 2)" time="0.0230000" />
    <testcase classname="Codenation.Challenge.CompanyControllerTest" name="Codenation.Challenge.CompanyControllerTest.Should_Be_Ok_When_Find_By_User_Id(userId: 2)" time="0.0480000" />
    <testcase classname="Codenation.Challenge.CompanyControllerTest" name="Codenation.Challenge.CompanyControllerTest.Should_Be_Ok_When_Find_By_User_Id(userId: 3)" time="0.0320000" />
    <testcase classname="Codenation.Challenge.CompanyControllerTest" name="Codenation.Challenge.CompanyControllerTest.Should_Be_Ok_When_Find_By_User_Id(userId: 1)" time="0.0520000" />
    <testcase classname="Codenation.Challenge.CompanyControllerTest" name="Codenation.Challenge.CompanyControllerTest.Should_Be_Ok_When_Find_By_Id(id: 1)" time="0.0140000" />
    <testcase classname="Codenation.Challenge.CompanyControllerTest" name="Codenation.Challenge.CompanyControllerTest.Should_Be_Ok_When_Find_By_Id(id: 3)" time="0.0270000" />
    <testcase classname="Codenation.Challenge.CompanyControllerTest" name="Codenation.Challenge.CompanyControllerTest.Should_Be_Ok_When_Find_By_Id(id: 2)" time="0.0140000" />
    <testcase classname="Codenation.Challenge.SubmissionControllerTest" name="Codenation.Challenge.SubmissionControllerTest.Should_Be_Higher_Score_When_Get_By_Challenge_Id(challengeId: 2)" time="0.0730000">
      <error message="AutoMapper.AutoMapperMappingException : Missing type map configuration or unsupported mapping.&#xD;&#xA;&#xD;&#xA;Mapping types:&#xD;&#xA;Decimal -&gt; SubmissionDTO&#xD;&#xA;System.Decimal -&gt; Codenation.Challenge.DTOs.SubmissionDTO">   at lambda_method(Closure , Decimal , SubmissionDTO , ResolutionContext )
   at lambda_method(Closure , Object , Object , ResolutionContext )
   at Codenation.Challenge.Controllers.SubmissionController.GetHigherScore(Nullable`1 challengeId) in C:\Users\heron\codenation\csharp-9\Source\Controllers\SubmissionController.cs:line 56
   at Codenation.Challenge.SubmissionControllerTest.Should_Be_Higher_Score_When_Get_By_Challenge_Id(Int32 challengeId) in C:\Users\heron\codenation\csharp-9\Source.TestSubmission\SubmissionControllerTest.cs:line 25</error>
    </testcase>
    <testcase classname="Codenation.Challenge.SubmissionControllerTest" name="Codenation.Challenge.SubmissionControllerTest.Should_Be_Higher_Score_When_Get_By_Challenge_Id(challengeId: 1)" time="0.0160000">
      <error message="AutoMapper.AutoMapperMappingException : Missing type map configuration or unsupported mapping.&#xD;&#xA;&#xD;&#xA;Mapping types:&#xD;&#xA;Decimal -&gt; SubmissionDTO&#xD;&#xA;System.Decimal -&gt; Codenation.Challenge.DTOs.SubmissionDTO">   at lambda_method(Closure , Decimal , SubmissionDTO , ResolutionContext )
   at lambda_method(Closure , Object , Object , ResolutionContext )
   at Codenation.Challenge.Controllers.SubmissionController.GetHigherScore(Nullable`1 challengeId) in C:\Users\heron\codenation\csharp-9\Source\Controllers\SubmissionController.cs:line 56
   at Codenation.Challenge.SubmissionControllerTest.Should_Be_Higher_Score_When_Get_By_Challenge_Id(Int32 challengeId) in C:\Users\heron\codenation\csharp-9\Source.TestSubmission\SubmissionControllerTest.cs:line 25</error>
    </testcase>
    <testcase classname="Codenation.Challenge.SubmissionControllerTest" name="Codenation.Challenge.SubmissionControllerTest.Should_Be_Higher_Score_When_Get_By_Challenge_Id(challengeId: 3)" time="0.0160000">
      <error message="AutoMapper.AutoMapperMappingException : Missing type map configuration or unsupported mapping.&#xD;&#xA;&#xD;&#xA;Mapping types:&#xD;&#xA;Decimal -&gt; SubmissionDTO&#xD;&#xA;System.Decimal -&gt; Codenation.Challenge.DTOs.SubmissionDTO">   at lambda_method(Closure , Decimal , SubmissionDTO , ResolutionContext )
   at lambda_method(Closure , Object , Object , ResolutionContext )
   at Codenation.Challenge.Controllers.SubmissionController.GetHigherScore(Nullable`1 challengeId) in C:\Users\heron\codenation\csharp-9\Source\Controllers\SubmissionController.cs:line 56
   at Codenation.Challenge.SubmissionControllerTest.Should_Be_Higher_Score_When_Get_By_Challenge_Id(Int32 challengeId) in C:\Users\heron\codenation\csharp-9\Source.TestSubmission\SubmissionControllerTest.cs:line 25</error>
    </testcase>
    <testcase classname="Codenation.Challenge.SubmissionControllerTest" name="Codenation.Challenge.SubmissionControllerTest.Should_Be_Ok_When_Find_By_Challenge_And_Acceleration(challengeId: 2, accelerationId: 2)" time="0.0390000">
      <error message="Assert.IsType() Failure&#xD;&#xA;Expected: Microsoft.AspNetCore.Mvc.OkObjectResult&#xD;&#xA;Actual:   Microsoft.AspNetCore.Mvc.NoContentResult">   at Codenation.Challenge.SubmissionControllerTest.Should_Be_Ok_When_Find_By_Challenge_And_Acceleration(Int32 challengeId, Int32 accelerationId) in C:\Users\heron\codenation\csharp-9\Source.TestSubmission\SubmissionControllerTest.cs:line 48</error>
    </testcase>
    <testcase classname="Codenation.Challenge.SubmissionControllerTest" name="Codenation.Challenge.SubmissionControllerTest.Should_Be_Ok_When_Find_By_Challenge_And_Acceleration(challengeId: 1, accelerationId: 1)" time="0.0240000">
      <error message="Assert.IsType() Failure&#xD;&#xA;Expected: Microsoft.AspNetCore.Mvc.OkObjectResult&#xD;&#xA;Actual:   Microsoft.AspNetCore.Mvc.NoContentResult">   at Codenation.Challenge.SubmissionControllerTest.Should_Be_Ok_When_Find_By_Challenge_And_Acceleration(Int32 challengeId, Int32 accelerationId) in C:\Users\heron\codenation\csharp-9\Source.TestSubmission\SubmissionControllerTest.cs:line 48</error>
    </testcase>
    <testcase classname="Codenation.Challenge.SubmissionControllerTest" name="Codenation.Challenge.SubmissionControllerTest.Should_Be_Ok_When_Find_By_Challenge_And_Acceleration(challengeId: 3, accelerationId: 3)" time="0.0250000">
      <error message="Assert.IsType() Failure&#xD;&#xA;Expected: Microsoft.AspNetCore.Mvc.OkObjectResult&#xD;&#xA;Actual:   Microsoft.AspNetCore.Mvc.NoContentResult">   at Codenation.Challenge.SubmissionControllerTest.Should_Be_Ok_When_Find_By_Challenge_And_Acceleration(Int32 challengeId, Int32 accelerationId) in C:\Users\heron\codenation\csharp-9\Source.TestSubmission\SubmissionControllerTest.cs:line 48</error>
    </testcase>
    <testcase classname="Codenation.Challenge.SubmissionControllerTest" name="Codenation.Challenge.SubmissionControllerTest.Should_Be_Ok_When_Post" time="0.0360000" />
    <testcase classname="Codenation.Challenge.UserControllerTest" name="Codenation.Challenge.UserControllerTest.Should_Be_Ok_When_Get_By_Id(id: 1)" time="0.0600000" />
    <testcase classname="Codenation.Challenge.UserControllerTest" name="Codenation.Challenge.UserControllerTest.Should_Be_Ok_When_Get_By_Id(id: 3)" time="0.0200000" />
    <testcase classname="Codenation.Challenge.UserControllerTest" name="Codenation.Challenge.UserControllerTest.Should_Be_Ok_When_Get_By_Id(id: 2)" time="0.0140000" />
    <testcase classname="Codenation.Challenge.UserControllerTest" name="Codenation.Challenge.UserControllerTest.Should_Be_Ok_When_Get_All_By_Company_Id(companyId: 2)" time="0.0500000" />
    <testcase classname="Codenation.Challenge.UserControllerTest" name="Codenation.Challenge.UserControllerTest.Should_Be_Ok_When_Get_All_By_Company_Id(companyId: 1)" time="0.0390000" />
    <testcase classname="Codenation.Challenge.UserControllerTest" name="Codenation.Challenge.UserControllerTest.Should_Be_Ok_When_Get_All_By_Company_Id(companyId: 3)" time="0.0290000" />
    <testcase classname="Codenation.Challenge.UserControllerTest" name="Codenation.Challenge.UserControllerTest.Should_Be_OK_When_Post" time="0.0400000" />
    <testcase classname="Codenation.Challenge.UserControllerTest" name="Codenation.Challenge.UserControllerTest.Should_Be_Ok_When_Get_All_By_Accelaration_Name(accelerationName: &quot;Velvet Grass&quot;)" time="0.0340000" />
    <testcase classname="Codenation.Challenge.UserControllerTest" name="Codenation.Challenge.UserControllerTest.Should_Be_Ok_When_Get_All_By_Accelaration_Name(accelerationName: &quot;Progesterone&quot;)" time="0.0280000" />
  </testsuite>
</testsuites>